         ps                              clock      instruction           pcout        s_regDout        s_regSout        s_regAout  s_muxALUI_A  s_muxSD_ALU             outM  writeM              inM             
       4500                                  1 0000000000000011 000000000000001 0000000000000000 0000000000000000 0000000000000000            1            1 0000000000000000       0 0000000100000000 
       5500                                  1 1000011000000111 000000000000010 0000000000000000 0000000000000000 0000000000000011            0            1 0000000000000000       0 0000000100000000 
       6500                                  1 1001010100000000 000000000000011 0000000000000000 0000000000000000 0000000000000011            0            1 0000000000000000       0 0000000000000000 
       7500                                  1 0000000000000101 000000000000100 0000000000000000 0000000000000000 0000000000000011            1            1 0000000000000000       0 0000000000000000 
       8500                                  1 1001100000010000 000000000000101 0000000000000000 0000000000000000 0000000000000101            0            1 0000000000000101       0 0000000000000000 
       9500                                  1 0000000000000000 000000000000110 0000000000000101 0000000000000000 0000000000000101            1            1 0000000000000101       0 0000000000000000 
      10500                                  1 1101100001000000 000000000000111 0000000000000101 0000000000000000 0000000000000000            0            1 0000000000000000       0 0000000000000000 
      11500                                  1 1000011000001000 000000000001000 0000000000000101 0000000000000000 0000000100000000            0            1 0000000000000101       1 0000000100000000 
      12500                                  1 0000000000000000 000000000001001 0000000000000101 0000000000000000 0000000100000000            1            1 0000000000000000       0 0000000000000101 
      13500                                  1 1101100000010000 000000000001010 0000000000000101 0000000000000000 0000000000000000            0            1 0000000000000101       0 0000000000000101 
      14500                                  1 1000111110010000 000000000001011 0000000100000000 0000000000000000 0000000000000000            0            1 0000000100000001       0 0000000100000000 
      15500                                  1 1000011000001000 000000000001100 0000000100000001 0000000000000000 0000000000000000            0            1 0000000100000001       1 0000000100000000 
      16500                                  1 0000000000001001 000000000001101 0000000100000001 0000000000000000 0000000000000000            1            1 0000000000000000       0 0000000100000001 
      17500                                  1 1001100000010000 000000000001110 0000000100000001 0000000000000000 0000000000001001            0            1 0000000000001001       0 0000000100000001 
      18500                                  1 0000000000000000 000000000001111 0000000000001001 0000000000000000 0000000000001001            1            1 0000000000001001       0 0000000000000000 
      19500                                  1 1101100001000000 000000000010000 0000000000001001 0000000000000000 0000000000000000            0            1 0000000000000000       0 0000000000000000 
      20500                                  1 1000011000001000 000000000010001 0000000000001001 0000000000000000 0000000100000001            0            1 0000000000001001       1 0000000100000001 
      21500                                  1 0000000000000000 000000000010010 0000000000001001 0000000000000000 0000000100000001            1            1 0000000000000001       0 0000000000001001 
      22500                                  1 1101100000010000 000000000010011 0000000000001001 0000000000000000 0000000000000000            0            1 0000000000001001       0 0000000000001001 
      23500                                  1 1000111110010000 000000000010100 0000000100000001 0000000000000000 0000000000000000            0            1 0000000100000010       0 0000000100000001 
      24500                                  1 1000011000001000 000000000010101 0000000100000010 0000000000000000 0000000000000000            0            1 0000000100000010       1 0000000100000001 
      25500                                  1 0000000000000000 000000000010110 0000000100000010 0000000000000000 0000000000000000            1            1 0000000000000000       0 0000000100000010 
      26500                                  1 1101100000010000 000000000010111 0000000100000010 0000000000000000 0000000000000000            0            1 0000000100000010       0 0000000100000010 
      27500                                  1 1000011100010000 000000000011000 0000000100000010 0000000000000000 0000000000000000            0            1 0000000100000001       0 0000000100000010 
      28500                                  1 1000011000001000 000000000011001 0000000100000001 0000000000000000 0000000000000000            0            1 0000000100000001       1 0000000100000010 
      29500                                  1 1101100001000000 000000000011010 0000000100000001 0000000000000000 0000000000000000            0            1 0000000100000001       0 0000000100000001 
      30500                                  1 1101100000010000 000000000011011 0000000100000001 0000000000000000 0000000100000001            0            1 0000000100000001       0 0000000100000001 
      31500                                  1 0000000000000000 000000000011100 0000000000001001 0000000000000000 0000000100000001            1            1 0000000000000001       0 0000000000001001 
      32500                                  1 1101100101000000 000000000011101 0000000000001001 0000000000000000 0000000000000000            0            1 0000000000001000       0 0000000000001001 
      33500                                  1 1100000100010000 000000000011110 0000000000001001 0000000000000000 0000000100000000            0            1 0000000100001010       0 0000000100000001 
      34500                                  1 1000011000001000 000000000011111 0000000000001110 0000000000000000 0000000100000000            0            1 0000000000001110       1 0000000000000101 
      35500                                  1 0000000000000000 000000000100000 0000000000001110 0000000000000000 0000000100000000            1            1 0000000000000000       0 0000000000001110 
      36500                                  1 1101100000010000 000000000100001 0000000000001110 0000000000000000 0000000000000000            0            1 0000000000001110       0 0000000000001110 
      37500                                  1 1000011100010000 000000000100010 0000000100000001 0000000000000000 0000000000000000            0            1 0000000100000000       0 0000000100000001 
      38500                                  1 1000011000001000 000000000100011 0000000100000000 0000000000000000 0000000000000000            0            1 0000000100000000       1 0000000100000001 
      39500                                  1 1101100001000000 000000000100100 0000000100000000 0000000000000000 0000000000000000            0            1 0000000100000000       0 0000000100000000 
      40500                                  1 1101100000010000 000000000100101 0000000100000000 0000000000000000 0000000100000000            0            1 0000000100000000       0 0000000100000000 
      41500                                  1 0000000000000101 000000000100110 0000000000001110 0000000000000000 0000000100000000            1            1 0000000000000000       0 0000000000001110 
      42500                                  1 1000011000001000 000000000100111 0000000000001110 0000000000000000 0000000000000101            0            1 0000000000001110       1 0000000000001110 
      43500                                  1 0000000000000000 000000000101000 0000000000001110 0000000000000000 0000000000000101            1            1 0000000000000100       0 0000000000001110 
      44500                                  1 0000000000000000 000000000101001 0000000000001110 0000000000000000 0000000000000000            1            1 0000000000000000       0 0000000000001110 
      45500                                  1 0000000000000000 000000000101010 0000000000001110 0000000000000000 0000000000000000            1            1 0000000000000000       0 0000000100000000 
      46500                                  1 0000000000000000 000000000101011 0000000000001110 0000000000000000 0000000000000000            1            1 0000000000000000       0 0000000100000000 
      47500                                  1 0000000000000000 000000000101100 0000000000001110 0000000000000000 0000000000000000            1            1 0000000000000000       0 0000000100000000 
      48500                                  1 0000000000000000 000000000101101 0000000000001110 0000000000000000 0000000000000000            1            1 0000000000000000       0 0000000100000000 
      49500                                  1 0000000000000000 000000000101110 0000000000001110 0000000000000000 0000000000000000            1            1 0000000000000000       0 0000000100000000 
      50500                                  1 0000000000000000 000000000101111 0000000000001110 0000000000000000 0000000000000000            1            1 0000000000000000       0 0000000100000000 
      51500                                  1 0000000000000000 000000000110000 0000000000001110 0000000000000000 0000000000000000            1            1 0000000000000000       0 0000000100000000 
      52500                                  1 0000000000000000 000000000110001 0000000000001110 0000000000000000 0000000000000000            1            1 0000000000000000       0 0000000100000000 
      53500                                  1 0000000000000000 000000000110010 0000000000001110 0000000000000000 0000000000000000            1            1 0000000000000000       0 0000000100000000 
      54500                                  1 0000000000000000 000000000110011 0000000000001110 0000000000000000 0000000000000000            1            1 0000000000000000       0 0000000100000000 
      55500                                  1 0000000000000000 000000000110100 0000000000001110 0000000000000000 0000000000000000            1            1 0000000000000000       0 0000000100000000 
      56500                                  1 0000000000000000 000000000110101 0000000000001110 0000000000000000 0000000000000000            1            1 0000000000000000       0 0000000100000000 
      57500                                  1 0000000000000000 000000000110110 0000000000001110 0000000000000000 0000000000000000            1            1 0000000000000000       0 0000000100000000 
      58500                                  1 0000000000000000 000000000110111 0000000000001110 0000000000000000 0000000000000000            1            1 0000000000000000       0 0000000100000000 
      59500                                  1 0000000000000000 000000000111000 0000000000001110 0000000000000000 0000000000000000            1            1 0000000000000000       0 0000000100000000 
      60500                                  1 0000000000000000 000000000111001 0000000000001110 0000000000000000 0000000000000000            1            1 0000000000000000       0 0000000100000000 
      61500                                  1 0000000000000000 000000000111010 0000000000001110 0000000000000000 0000000000000000            1            1 0000000000000000       0 0000000100000000 
      62500                                  1 0000000000000000 000000000111011 0000000000001110 0000000000000000 0000000000000000            1            1 0000000000000000       0 0000000100000000 
      63500                                  1 0000000000000000 000000000111100 0000000000001110 0000000000000000 0000000000000000            1            1 0000000000000000       0 0000000100000000 
      64500                                  1 0000000000000000 000000000111101 0000000000001110 0000000000000000 0000000000000000            1            1 0000000000000000       0 0000000100000000 
      65500                                  1 0000000000000000 000000000111110 0000000000001110 0000000000000000 0000000000000000            1            1 0000000000000000       0 0000000100000000 
      66500                                  1 0000000000000000 000000000111111 0000000000001110 0000000000000000 0000000000000000            1            1 0000000000000000       0 0000000100000000 
      67500                                  1 0000000000000000 000000001000000 0000000000001110 0000000000000000 0000000000000000            1            1 0000000000000000       0 0000000100000000 
      68500                                  1 0000000000000000 000000001000001 0000000000001110 0000000000000000 0000000000000000            1            1 0000000000000000       0 0000000100000000 
      69500                                  1 0000000000000000 000000001000010 0000000000001110 0000000000000000 0000000000000000            1            1 0000000000000000       0 0000000100000000 
      70500                                  1 0000000000000000 000000001000011 0000000000001110 0000000000000000 0000000000000000            1            1 0000000000000000       0 0000000100000000 
      71500                                  1 0000000000000000 000000001000100 0000000000001110 0000000000000000 0000000000000000            1            1 0000000000000000       0 0000000100000000 
      72500                                  1 0000000000000000 000000001000101 0000000000001110 0000000000000000 0000000000000000            1            1 0000000000000000       0 0000000100000000 
      73500                                  1 0000000000000000 000000001000110 0000000000001110 0000000000000000 0000000000000000            1            1 0000000000000000       0 0000000100000000 
      74500                                  1 0000000000000000 000000001000111 0000000000001110 0000000000000000 0000000000000000            1            1 0000000000000000       0 0000000100000000 
      75500                                  1 0000000000000000 000000001001000 0000000000001110 0000000000000000 0000000000000000            1            1 0000000000000000       0 0000000100000000 
      76500                                  1 0000000000000000 000000001001001 0000000000001110 0000000000000000 0000000000000000            1            1 0000000000000000       0 0000000100000000 
      77500                                  1 0000000000000000 000000001001010 0000000000001110 0000000000000000 0000000000000000            1            1 0000000000000000       0 0000000100000000 
      78500                                  1 0000000000000000 000000001001011 0000000000001110 0000000000000000 0000000000000000            1            1 0000000000000000       0 0000000100000000 
      79500                                  1 0000000000000000 000000001001100 0000000000001110 0000000000000000 0000000000000000            1            1 0000000000000000       0 0000000100000000 
      80500                                  1 0000000000000000 000000001001101 0000000000001110 0000000000000000 0000000000000000            1            1 0000000000000000       0 0000000100000000 
      81500                                  1 0000000000000000 000000001001110 0000000000001110 0000000000000000 0000000000000000            1            1 0000000000000000       0 0000000100000000 
      82500                                  1 0000000000000000 000000001001111 0000000000001110 0000000000000000 0000000000000000            1            1 0000000000000000       0 0000000100000000 
      83500                                  1 0000000000000000 000000001010000 0000000000001110 0000000000000000 0000000000000000            1            1 0000000000000000       0 0000000100000000 
      84500                                  1 0000000000000000 000000001010001 0000000000001110 0000000000000000 0000000000000000            1            1 0000000000000000       0 0000000100000000 
      85500                                  1 0000000000000000 000000001010010 0000000000001110 0000000000000000 0000000000000000            1            1 0000000000000000       0 0000000100000000 
      86500                                  1 0000000000000000 000000001010011 0000000000001110 0000000000000000 0000000000000000            1            1 0000000000000000       0 0000000100000000 
      87500                                  1 0000000000000000 000000001010100 0000000000001110 0000000000000000 0000000000000000            1            1 0000000000000000       0 0000000100000000 
      88500                                  1 0000000000000000 000000001010101 0000000000001110 0000000000000000 0000000000000000            1            1 0000000000000000       0 0000000100000000 
      89500                                  1 0000000000000000 000000001010110 0000000000001110 0000000000000000 0000000000000000            1            1 0000000000000000       0 0000000100000000 
      90500                                  1 0000000000000000 000000001010111 0000000000001110 0000000000000000 0000000000000000            1            1 0000000000000000       0 0000000100000000 
      91500                                  1 0000000000000000 000000001011000 0000000000001110 0000000000000000 0000000000000000            1            1 0000000000000000       0 0000000100000000 
      92500                                  1 0000000000000000 000000001011001 0000000000001110 0000000000000000 0000000000000000            1            1 0000000000000000       0 0000000100000000 
      93500                                  1 0000000000000000 000000001011010 0000000000001110 0000000000000000 0000000000000000            1            1 0000000000000000       0 0000000100000000 
      94500                                  1 0000000000000000 000000001011011 0000000000001110 0000000000000000 0000000000000000            1            1 0000000000000000       0 0000000100000000 
      95500                                  1 0000000000000000 000000001011100 0000000000001110 0000000000000000 0000000000000000            1            1 0000000000000000       0 0000000100000000 
      96500                                  1 0000000000000000 000000001011101 0000000000001110 0000000000000000 0000000000000000            1            1 0000000000000000       0 0000000100000000 
      97500                                  1 0000000000000000 000000001011110 0000000000001110 0000000000000000 0000000000000000            1            1 0000000000000000       0 0000000100000000 
      98500                                  1 0000000000000000 000000001011111 0000000000001110 0000000000000000 0000000000000000            1            1 0000000000000000       0 0000000100000000 
      99500                                  1 0000000000000000 000000001100000 0000000000001110 0000000000000000 0000000000000000            1            1 0000000000000000       0 0000000100000000 
     100500                                  1 0000000000000000 000000001100001 0000000000001110 0000000000000000 0000000000000000            1            1 0000000000000000       0 0000000100000000 
     101500                                  1 0000000000000000 000000001100010 0000000000001110 0000000000000000 0000000000000000            1            1 0000000000000000       0 0000000100000000 
     102500                                  1 0000000000000000 000000001100011 0000000000001110 0000000000000000 0000000000000000            1            1 0000000000000000       0 0000000100000000 
     103500                                  1 0000000000000000 000000001100100 0000000000001110 0000000000000000 0000000000000000            1            1 0000000000000000       0 0000000100000000 
     104500                                  1 0000000000000000 000000001100101 0000000000001110 0000000000000000 0000000000000000            1            1 0000000000000000       0 0000000100000000 
     105500                                  1 0000000000000000 000000001100110 0000000000001110 0000000000000000 0000000000000000            1            1 0000000000000000       0 0000000100000000 
     106500                                  1 0000000000000000 000000001100111 0000000000001110 0000000000000000 0000000000000000            1            1 0000000000000000       0 0000000100000000 
     107500                                  1 0000000000000000 000000001101000 0000000000001110 0000000000000000 0000000000000000            1            1 0000000000000000       0 0000000100000000 
     108500                                  1 0000000000000000 000000001101001 0000000000001110 0000000000000000 0000000000000000            1            1 0000000000000000       0 0000000100000000 
     109500                                  1 0000000000000000 000000001101010 0000000000001110 0000000000000000 0000000000000000            1            1 0000000000000000       0 0000000100000000 
     110500                                  1 0000000000000000 000000001101011 0000000000001110 0000000000000000 0000000000000000            1            1 0000000000000000       0 0000000100000000 
     111500                                  1 0000000000000000 000000001101100 0000000000001110 0000000000000000 0000000000000000            1            1 0000000000000000       0 0000000100000000 
     112500                                  1 0000000000000000 000000001101101 0000000000001110 0000000000000000 0000000000000000            1            1 0000000000000000       0 0000000100000000 
     113500                                  1 0000000000000000 000000001101110 0000000000001110 0000000000000000 0000000000000000            1            1 0000000000000000       0 0000000100000000 
     114500                                  1 0000000000000000 000000001101111 0000000000001110 0000000000000000 0000000000000000            1            1 0000000000000000       0 0000000100000000 
     115500                                  1 0000000000000000 000000001110000 0000000000001110 0000000000000000 0000000000000000            1            1 0000000000000000       0 0000000100000000 
     116500                                  1 0000000000000000 000000001110001 0000000000001110 0000000000000000 0000000000000000            1            1 0000000000000000       0 0000000100000000 
     117500                                  1 0000000000000000 000000001110010 0000000000001110 0000000000000000 0000000000000000            1            1 0000000000000000       0 0000000100000000 
     118500                                  1 0000000000000000 000000001110011 0000000000001110 0000000000000000 0000000000000000            1            1 0000000000000000       0 0000000100000000 
     119500                                  1 0000000000000000 000000001110100 0000000000001110 0000000000000000 0000000000000000            1            1 0000000000000000       0 0000000100000000 
     120500                                  1 0000000000000000 000000001110101 0000000000001110 0000000000000000 0000000000000000            1            1 0000000000000000       0 0000000100000000 
     121500                                  1 0000000000000000 000000001110110 0000000000001110 0000000000000000 0000000000000000            1            1 0000000000000000       0 0000000100000000 
     122500                                  1 0000000000000000 000000001110111 0000000000001110 0000000000000000 0000000000000000            1            1 0000000000000000       0 0000000100000000 
     123500                                  1 0000000000000000 000000001111000 0000000000001110 0000000000000000 0000000000000000            1            1 0000000000000000       0 0000000100000000 
     124500                                  1 0000000000000000 000000001111001 0000000000001110 0000000000000000 0000000000000000            1            1 0000000000000000       0 0000000100000000 
     125500                                  1 0000000000000000 000000001111010 0000000000001110 0000000000000000 0000000000000000            1            1 0000000000000000       0 0000000100000000 
     126500                                  1 0000000000000000 000000001111011 0000000000001110 0000000000000000 0000000000000000            1            1 0000000000000000       0 0000000100000000 
     127500                                  1 0000000000000000 000000001111100 0000000000001110 0000000000000000 0000000000000000            1            1 0000000000000000       0 0000000100000000 
     128500                                  1 0000000000000000 000000001111101 0000000000001110 0000000000000000 0000000000000000            1            1 0000000000000000       0 0000000100000000 
     129500                                  1 0000000000000000 000000001111110 0000000000001110 0000000000000000 0000000000000000            1            1 0000000000000000       0 0000000100000000 
     130500                                  1 0000000000000000 000000001111111 0000000000001110 0000000000000000 0000000000000000            1            1 0000000000000000       0 0000000100000000 
     131500                                  1 0000000000000000 000000010000000 0000000000001110 0000000000000000 0000000000000000            1            1 0000000000000000       0 0000000100000000 
     132500                                  1 0000000000000000 000000010000001 0000000000001110 0000000000000000 0000000000000000            1            1 0000000000000000       0 0000000100000000 
     133500                                  1 0000000000000000 000000010000010 0000000000001110 0000000000000000 0000000000000000            1            1 0000000000000000       0 0000000100000000 
     134500                                  1 0000000000000000 000000010000011 0000000000001110 0000000000000000 0000000000000000            1            1 0000000000000000       0 0000000100000000 
     135500                                  1 0000000000000000 000000010000100 0000000000001110 0000000000000000 0000000000000000            1            1 0000000000000000       0 0000000100000000 
     136500                                  1 0000000000000000 000000010000101 0000000000001110 0000000000000000 0000000000000000            1            1 0000000000000000       0 0000000100000000 
     137500                                  1 0000000000000000 000000010000110 0000000000001110 0000000000000000 0000000000000000            1            1 0000000000000000       0 0000000100000000 
     138500                                  1 0000000000000000 000000010000111 0000000000001110 0000000000000000 0000000000000000            1            1 0000000000000000       0 0000000100000000 
     139500                                  1 0000000000000000 000000010001000 0000000000001110 0000000000000000 0000000000000000            1            1 0000000000000000       0 0000000100000000 
     140500                                  1 0000000000000000 000000010001001 0000000000001110 0000000000000000 0000000000000000            1            1 0000000000000000       0 0000000100000000 
     141500                                  1 0000000000000000 000000010001010 0000000000001110 0000000000000000 0000000000000000            1            1 0000000000000000       0 0000000100000000 
     142500                                  1 0000000000000000 000000010001011 0000000000001110 0000000000000000 0000000000000000            1            1 0000000000000000       0 0000000100000000 
     143500                                  1 0000000000000000 000000010001100 0000000000001110 0000000000000000 0000000000000000            1            1 0000000000000000       0 0000000100000000 
     144500                                  1 0000000000000000 000000010001101 0000000000001110 0000000000000000 0000000000000000            1            1 0000000000000000       0 0000000100000000 
     145500                                  1 0000000000000000 000000010001110 0000000000001110 0000000000000000 0000000000000000            1            1 0000000000000000       0 0000000100000000 
     146500                                  1 0000000000000000 000000010001111 0000000000001110 0000000000000000 0000000000000000            1            1 0000000000000000       0 0000000100000000 
     147500                                  1 0000000000000000 000000010010000 0000000000001110 0000000000000000 0000000000000000            1            1 0000000000000000       0 0000000100000000 
     148500                                  1 0000000000000000 000000010010001 0000000000001110 0000000000000000 0000000000000000            1            1 0000000000000000       0 0000000100000000 
     149500                                  1 0000000000000000 000000010010010 0000000000001110 0000000000000000 0000000000000000            1            1 0000000000000000       0 0000000100000000 
     150500                                  1 0000000000000000 000000010010011 0000000000001110 0000000000000000 0000000000000000            1            1 0000000000000000       0 0000000100000000 
     151500                                  1 0000000000000000 000000010010100 0000000000001110 0000000000000000 0000000000000000            1            1 0000000000000000       0 0000000100000000 
     152500                                  1 0000000000000000 000000010010101 0000000000001110 0000000000000000 0000000000000000            1            1 0000000000000000       0 0000000100000000 
     153500                                  1 0000000000000000 000000010010110 0000000000001110 0000000000000000 0000000000000000            1            1 0000000000000000       0 0000000100000000 
     154500                                  1 0000000000000000 000000010010111 0000000000001110 0000000000000000 0000000000000000            1            1 0000000000000000       0 0000000100000000 
     155500                                  1 0000000000000000 000000010011000 0000000000001110 0000000000000000 0000000000000000            1            1 0000000000000000       0 0000000100000000 
     156500                                  1 0000000000000000 000000010011001 0000000000001110 0000000000000000 0000000000000000            1            1 0000000000000000       0 0000000100000000 
     157500                                  1 0000000000000000 000000010011010 0000000000001110 0000000000000000 0000000000000000            1            1 0000000000000000       0 0000000100000000 
     158500                                  1 0000000000000000 000000010011011 0000000000001110 0000000000000000 0000000000000000            1            1 0000000000000000       0 0000000100000000 
     159500                                  1 0000000000000000 000000010011100 0000000000001110 0000000000000000 0000000000000000            1            1 0000000000000000       0 0000000100000000 
     160500                                  1 0000000000000000 000000010011101 0000000000001110 0000000000000000 0000000000000000            1            1 0000000000000000       0 0000000100000000 
     161500                                  1 0000000000000000 000000010011110 0000000000001110 0000000000000000 0000000000000000            1            1 0000000000000000       0 0000000100000000 
     162500                                  1 0000000000000000 000000010011111 0000000000001110 0000000000000000 0000000000000000            1            1 0000000000000000       0 0000000100000000 
     163500                                  1 0000000000000000 000000010100000 0000000000001110 0000000000000000 0000000000000000            1            1 0000000000000000       0 0000000100000000 
     164500                                  1 0000000000000000 000000010100001 0000000000001110 0000000000000000 0000000000000000            1            1 0000000000000000       0 0000000100000000 
     165500                                  1 0000000000000000 000000010100010 0000000000001110 0000000000000000 0000000000000000            1            1 0000000000000000       0 0000000100000000 
     166500                                  1 0000000000000000 000000010100011 0000000000001110 0000000000000000 0000000000000000            1            1 0000000000000000       0 0000000100000000 
     167500                                  1 0000000000000000 000000010100100 0000000000001110 0000000000000000 0000000000000000            1            1 0000000000000000       0 0000000100000000 
     168500                                  1 0000000000000000 000000010100101 0000000000001110 0000000000000000 0000000000000000            1            1 0000000000000000       0 0000000100000000 
     169500                                  1 0000000000000000 000000010100110 0000000000001110 0000000000000000 0000000000000000            1            1 0000000000000000       0 0000000100000000 
     170500                                  1 0000000000000000 000000010100111 0000000000001110 0000000000000000 0000000000000000            1            1 0000000000000000       0 0000000100000000 
     171500                                  1 0000000000000000 000000010101000 0000000000001110 0000000000000000 0000000000000000            1            1 0000000000000000       0 0000000100000000 
     172500                                  1 0000000000000000 000000010101001 0000000000001110 0000000000000000 0000000000000000            1            1 0000000000000000       0 0000000100000000 
     173500                                  1 0000000000000000 000000010101010 0000000000001110 0000000000000000 0000000000000000            1            1 0000000000000000       0 0000000100000000 
     174500                                  1 0000000000000000 000000010101011 0000000000001110 0000000000000000 0000000000000000            1            1 0000000000000000       0 0000000100000000 
     175500                                  1 0000000000000000 000000010101100 0000000000001110 0000000000000000 0000000000000000            1            1 0000000000000000       0 0000000100000000 
     176500                                  1 0000000000000000 000000010101101 0000000000001110 0000000000000000 0000000000000000            1            1 0000000000000000       0 0000000100000000 
     177500                                  1 0000000000000000 000000010101110 0000000000001110 0000000000000000 0000000000000000            1            1 0000000000000000       0 0000000100000000 
     178500                                  1 0000000000000000 000000010101111 0000000000001110 0000000000000000 0000000000000000            1            1 0000000000000000       0 0000000100000000 
     179500                                  1 0000000000000000 000000010110000 0000000000001110 0000000000000000 0000000000000000            1            1 0000000000000000       0 0000000100000000 
     180500                                  1 0000000000000000 000000010110001 0000000000001110 0000000000000000 0000000000000000            1            1 0000000000000000       0 0000000100000000 
     181500                                  1 0000000000000000 000000010110010 0000000000001110 0000000000000000 0000000000000000            1            1 0000000000000000       0 0000000100000000 
     182500                                  1 0000000000000000 000000010110011 0000000000001110 0000000000000000 0000000000000000            1            1 0000000000000000       0 0000000100000000 
     183500                                  1 0000000000000000 000000010110100 0000000000001110 0000000000000000 0000000000000000            1            1 0000000000000000       0 0000000100000000 
     184500                                  1 0000000000000000 000000010110101 0000000000001110 0000000000000000 0000000000000000            1            1 0000000000000000       0 0000000100000000 
     185500                                  1 0000000000000000 000000010110110 0000000000001110 0000000000000000 0000000000000000            1            1 0000000000000000       0 0000000100000000 
     186500                                  1 0000000000000000 000000010110111 0000000000001110 0000000000000000 0000000000000000            1            1 0000000000000000       0 0000000100000000 
     187500                                  1 0000000000000000 000000010111000 0000000000001110 0000000000000000 0000000000000000            1            1 0000000000000000       0 0000000100000000 
     188500                                  1 0000000000000000 000000010111001 0000000000001110 0000000000000000 0000000000000000            1            1 0000000000000000       0 0000000100000000 
     189500                                  1 0000000000000000 000000010111010 0000000000001110 0000000000000000 0000000000000000            1            1 0000000000000000       0 0000000100000000 
     190500                                  1 0000000000000000 000000010111011 0000000000001110 0000000000000000 0000000000000000            1            1 0000000000000000       0 0000000100000000 
     191500                                  1 0000000000000000 000000010111100 0000000000001110 0000000000000000 0000000000000000            1            1 0000000000000000       0 0000000100000000 
     192500                                  1 0000000000000000 000000010111101 0000000000001110 0000000000000000 0000000000000000            1            1 0000000000000000       0 0000000100000000 
     193500                                  1 0000000000000000 000000010111110 0000000000001110 0000000000000000 0000000000000000            1            1 0000000000000000       0 0000000100000000 
     194500                                  1 0000000000000000 000000010111111 0000000000001110 0000000000000000 0000000000000000            1            1 0000000000000000       0 0000000100000000 
     195500                                  1 0000000000000000 000000011000000 0000000000001110 0000000000000000 0000000000000000            1            1 0000000000000000       0 0000000100000000 
     196500                                  1 0000000000000000 000000011000001 0000000000001110 0000000000000000 0000000000000000            1            1 0000000000000000       0 0000000100000000 
     197500                                  1 0000000000000000 000000011000010 0000000000001110 0000000000000000 0000000000000000            1            1 0000000000000000       0 0000000100000000 
     198500                                  1 0000000000000000 000000011000011 0000000000001110 0000000000000000 0000000000000000            1            1 0000000000000000       0 0000000100000000 
     199500                                  1 0000000000000000 000000011000100 0000000000001110 0000000000000000 0000000000000000            1            1 0000000000000000       0 0000000100000000 
     200500                                  1 0000000000000000 000000011000101 0000000000001110 0000000000000000 0000000000000000            1            1 0000000000000000       0 0000000100000000 
     201500                                  1 0000000000000000 000000011000110 0000000000001110 0000000000000000 0000000000000000            1            1 0000000000000000       0 0000000100000000 
     202500                                  1 0000000000000000 000000011000111 0000000000001110 0000000000000000 0000000000000000            1            1 0000000000000000       0 0000000100000000 
     203500                                  1 0000000000000000 000000011001000 0000000000001110 0000000000000000 0000000000000000            1            1 0000000000000000       0 0000000100000000 
     204500                                  1 0000000000000000 000000011001001 0000000000001110 0000000000000000 0000000000000000            1            1 0000000000000000       0 0000000100000000 
     205500                                  1 0000000000000000 000000011001010 0000000000001110 0000000000000000 0000000000000000            1            1 0000000000000000       0 0000000100000000 
     206500                                  1 0000000000000000 000000011001011 0000000000001110 0000000000000000 0000000000000000            1            1 0000000000000000       0 0000000100000000 
     207500                                  1 0000000000000000 000000011001100 0000000000001110 0000000000000000 0000000000000000            1            1 0000000000000000       0 0000000100000000 
     208500                                  1 0000000000000000 000000011001101 0000000000001110 0000000000000000 0000000000000000            1            1 0000000000000000       0 0000000100000000 
     209500                                  1 0000000000000000 000000011001110 0000000000001110 0000000000000000 0000000000000000            1            1 0000000000000000       0 0000000100000000 
     210500                                  1 0000000000000000 000000011001111 0000000000001110 0000000000000000 0000000000000000            1            1 0000000000000000       0 0000000100000000 
     211500                                  1 0000000000000000 000000011010000 0000000000001110 0000000000000000 0000000000000000            1            1 0000000000000000       0 0000000100000000 
     212500                                  1 0000000000000000 000000011010001 0000000000001110 0000000000000000 0000000000000000            1            1 0000000000000000       0 0000000100000000 
     213500                                  1 0000000000000000 000000011010010 0000000000001110 0000000000000000 0000000000000000            1            1 0000000000000000       0 0000000100000000 
     214500                                  1 0000000000000000 000000011010011 0000000000001110 0000000000000000 0000000000000000            1            1 0000000000000000       0 0000000100000000 
     215500                                  1 0000000000000000 000000011010100 0000000000001110 0000000000000000 0000000000000000            1            1 0000000000000000       0 0000000100000000 
     216500                                  1 0000000000000000 000000011010101 0000000000001110 0000000000000000 0000000000000000            1            1 0000000000000000       0 0000000100000000 
     217500                                  1 0000000000000000 000000011010110 0000000000001110 0000000000000000 0000000000000000            1            1 0000000000000000       0 0000000100000000 
     218500                                  1 0000000000000000 000000011010111 0000000000001110 0000000000000000 0000000000000000            1            1 0000000000000000       0 0000000100000000 
     219500                                  1 0000000000000000 000000011011000 0000000000001110 0000000000000000 0000000000000000            1            1 0000000000000000       0 0000000100000000 
     220500                                  1 0000000000000000 000000011011001 0000000000001110 0000000000000000 0000000000000000            1            1 0000000000000000       0 0000000100000000 
     221500                                  1 0000000000000000 000000011011010 0000000000001110 0000000000000000 0000000000000000            1            1 0000000000000000       0 0000000100000000 
     222500                                  1 0000000000000000 000000011011011 0000000000001110 0000000000000000 0000000000000000            1            1 0000000000000000       0 0000000100000000 
     223500                                  1 0000000000000000 000000011011100 0000000000001110 0000000000000000 0000000000000000            1            1 0000000000000000       0 0000000100000000 
     224500                                  1 0000000000000000 000000011011101 0000000000001110 0000000000000000 0000000000000000            1            1 0000000000000000       0 0000000100000000 
     225500                                  1 0000000000000000 000000011011110 0000000000001110 0000000000000000 0000000000000000            1            1 0000000000000000       0 0000000100000000 
     226500                                  1 0000000000000000 000000011011111 0000000000001110 0000000000000000 0000000000000000            1            1 0000000000000000       0 0000000100000000 
     227500                                  1 0000000000000000 000000011100000 0000000000001110 0000000000000000 0000000000000000            1            1 0000000000000000       0 0000000100000000 
     228500                                  1 0000000000000000 000000011100001 0000000000001110 0000000000000000 0000000000000000            1            1 0000000000000000       0 0000000100000000 
     229500                                  1 0000000000000000 000000011100010 0000000000001110 0000000000000000 0000000000000000            1            1 0000000000000000       0 0000000100000000 
     230500                                  1 0000000000000000 000000011100011 0000000000001110 0000000000000000 0000000000000000            1            1 0000000000000000       0 0000000100000000 
     231500                                  1 0000000000000000 000000011100100 0000000000001110 0000000000000000 0000000000000000            1            1 0000000000000000       0 0000000100000000 
     232500                                  1 0000000000000000 000000011100101 0000000000001110 0000000000000000 0000000000000000            1            1 0000000000000000       0 0000000100000000 
     233500                                  1 0000000000000000 000000011100110 0000000000001110 0000000000000000 0000000000000000            1            1 0000000000000000       0 0000000100000000 
     234500                                  1 0000000000000000 000000011100111 0000000000001110 0000000000000000 0000000000000000            1            1 0000000000000000       0 0000000100000000 
     235500                                  1 0000000000000000 000000011101000 0000000000001110 0000000000000000 0000000000000000            1            1 0000000000000000       0 0000000100000000 
     236500                                  1 0000000000000000 000000011101001 0000000000001110 0000000000000000 0000000000000000            1            1 0000000000000000       0 0000000100000000 
     237500                                  1 0000000000000000 000000011101010 0000000000001110 0000000000000000 0000000000000000            1            1 0000000000000000       0 0000000100000000 
     238500                                  1 0000000000000000 000000011101011 0000000000001110 0000000000000000 0000000000000000            1            1 0000000000000000       0 0000000100000000 
     239500                                  1 0000000000000000 000000011101100 0000000000001110 0000000000000000 0000000000000000            1            1 0000000000000000       0 0000000100000000 
     240500                                  1 0000000000000000 000000011101101 0000000000001110 0000000000000000 0000000000000000            1            1 0000000000000000       0 0000000100000000 
     241500                                  1 0000000000000000 000000011101110 0000000000001110 0000000000000000 0000000000000000            1            1 0000000000000000       0 0000000100000000 
     242500                                  1 0000000000000000 000000011101111 0000000000001110 0000000000000000 0000000000000000            1            1 0000000000000000       0 0000000100000000 
     243500                                  1 0000000000000000 000000011110000 0000000000001110 0000000000000000 0000000000000000            1            1 0000000000000000       0 0000000100000000 
     244500                                  1 0000000000000000 000000011110001 0000000000001110 0000000000000000 0000000000000000            1            1 0000000000000000       0 0000000100000000 
     245500                                  1 0000000000000000 000000011110010 0000000000001110 0000000000000000 0000000000000000            1            1 0000000000000000       0 0000000100000000 
     246500                                  1 0000000000000000 000000011110011 0000000000001110 0000000000000000 0000000000000000            1            1 0000000000000000       0 0000000100000000 
     247500                                  1 0000000000000000 000000011110100 0000000000001110 0000000000000000 0000000000000000            1            1 0000000000000000       0 0000000100000000 
     248500                                  1 0000000000000000 000000011110101 0000000000001110 0000000000000000 0000000000000000            1            1 0000000000000000       0 0000000100000000 
     249500                                  1 0000000000000000 000000011110110 0000000000001110 0000000000000000 0000000000000000            1            1 0000000000000000       0 0000000100000000 
     250500                                  1 0000000000000000 000000011110111 0000000000001110 0000000000000000 0000000000000000            1            1 0000000000000000       0 0000000100000000 
     251500                                  1 0000000000000000 000000011111000 0000000000001110 0000000000000000 0000000000000000            1            1 0000000000000000       0 0000000100000000 
     252500                                  1 0000000000000000 000000011111001 0000000000001110 0000000000000000 0000000000000000            1            1 0000000000000000       0 0000000100000000 
     253500                                  1 0000000000000000 000000011111010 0000000000001110 0000000000000000 0000000000000000            1            1 0000000000000000       0 0000000100000000 
     254500                                  1 0000000000000000 000000011111011 0000000000001110 0000000000000000 0000000000000000            1            1 0000000000000000       0 0000000100000000 
     255500                                  1 0000000000000000 000000011111100 0000000000001110 0000000000000000 0000000000000000            1            1 0000000000000000       0 0000000100000000 
     256500                                  1 0000000000000000 000000011111101 0000000000001110 0000000000000000 0000000000000000            1            1 0000000000000000       0 0000000100000000 
     257500                                  1 0000000000000000 000000011111110 0000000000001110 0000000000000000 0000000000000000            1            1 0000000000000000       0 0000000100000000 
     258500                                  1 0000000000000000 000000011111111 0000000000001110 0000000000000000 0000000000000000            1            1 0000000000000000       0 0000000100000000 
     259500                                  1 0000000000000000 000000100000000 0000000000001110 0000000000000000 0000000000000000            1            1 0000000000000000       0 0000000100000000 
     260500                                  1 0000000000000000 000000100000001 0000000000001110 0000000000000000 0000000000000000            1            1 0000000000000000       0 0000000100000000 
     261500                                  1 0000000000000000 000000100000010 0000000000001110 0000000000000000 0000000000000000            1            1 0000000000000000       0 0000000100000000 
     262500                                  1 0000000000000000 000000100000011 0000000000001110 0000000000000000 0000000000000000            1            1 0000000000000000       0 0000000100000000 
     263500                                  1 0000000000000000 000000100000100 0000000000001110 0000000000000000 0000000000000000            1            1 0000000000000000       0 0000000100000000 
     264500                                  1 0000000000000000 000000100000101 0000000000001110 0000000000000000 0000000000000000            1            1 0000000000000000       0 0000000100000000 
     265500                                  1 0000000000000000 000000100000110 0000000000001110 0000000000000000 0000000000000000            1            1 0000000000000000       0 0000000100000000 
     266500                                  1 0000000000000000 000000100000111 0000000000001110 0000000000000000 0000000000000000            1            1 0000000000000000       0 0000000100000000 
     267500                                  1 0000000000000000 000000100001000 0000000000001110 0000000000000000 0000000000000000            1            1 0000000000000000       0 0000000100000000 
     268500                                  1 0000000000000000 000000100001001 0000000000001110 0000000000000000 0000000000000000            1            1 0000000000000000       0 0000000100000000 
     269500                                  1 0000000000000000 000000100001010 0000000000001110 0000000000000000 0000000000000000            1            1 0000000000000000       0 0000000100000000 
     270500                                  1 0000000000000000 000000100001011 0000000000001110 0000000000000000 0000000000000000            1            1 0000000000000000       0 0000000100000000 
     271500                                  1 0000000000000000 000000100001100 0000000000001110 0000000000000000 0000000000000000            1            1 0000000000000000       0 0000000100000000 
     272500                                  1 0000000000000000 000000100001101 0000000000001110 0000000000000000 0000000000000000            1            1 0000000000000000       0 0000000100000000 
     273500                                  1 0000000000000000 000000100001110 0000000000001110 0000000000000000 0000000000000000            1            1 0000000000000000       0 0000000100000000 
     274500                                  1 0000000000000000 000000100001111 0000000000001110 0000000000000000 0000000000000000            1            1 0000000000000000       0 0000000100000000 
     275500                                  1 0000000000000000 000000100010000 0000000000001110 0000000000000000 0000000000000000            1            1 0000000000000000       0 0000000100000000 
     276500                                  1 0000000000000000 000000100010001 0000000000001110 0000000000000000 0000000000000000            1            1 0000000000000000       0 0000000100000000 
     277500                                  1 0000000000000000 000000100010010 0000000000001110 0000000000000000 0000000000000000            1            1 0000000000000000       0 0000000100000000 
     278500                                  1 0000000000000000 000000100010011 0000000000001110 0000000000000000 0000000000000000            1            1 0000000000000000       0 0000000100000000 
     279500                                  1 0000000000000000 000000100010100 0000000000001110 0000000000000000 0000000000000000            1            1 0000000000000000       0 0000000100000000 
     280500                                  1 0000000000000000 000000100010101 0000000000001110 0000000000000000 0000000000000000            1            1 0000000000000000       0 0000000100000000 
     281500                                  1 0000000000000000 000000100010110 0000000000001110 0000000000000000 0000000000000000            1            1 0000000000000000       0 0000000100000000 
     282500                                  1 0000000000000000 000000100010111 0000000000001110 0000000000000000 0000000000000000            1            1 0000000000000000       0 0000000100000000 
     283500                                  1 0000000000000000 000000100011000 0000000000001110 0000000000000000 0000000000000000            1            1 0000000000000000       0 0000000100000000 
     284500                                  1 0000000000000000 000000100011001 0000000000001110 0000000000000000 0000000000000000            1            1 0000000000000000       0 0000000100000000 
     285500                                  1 0000000000000000 000000100011010 0000000000001110 0000000000000000 0000000000000000            1            1 0000000000000000       0 0000000100000000 
     286500                                  1 0000000000000000 000000100011011 0000000000001110 0000000000000000 0000000000000000            1            1 0000000000000000       0 0000000100000000 
     287500                                  1 0000000000000000 000000100011100 0000000000001110 0000000000000000 0000000000000000            1            1 0000000000000000       0 0000000100000000 
     288500                                  1 0000000000000000 000000100011101 0000000000001110 0000000000000000 0000000000000000            1            1 0000000000000000       0 0000000100000000 
     289500                                  1 0000000000000000 000000100011110 0000000000001110 0000000000000000 0000000000000000            1            1 0000000000000000       0 0000000100000000 
     290500                                  1 0000000000000000 000000100011111 0000000000001110 0000000000000000 0000000000000000            1            1 0000000000000000       0 0000000100000000 
     291500                                  1 0000000000000000 000000100100000 0000000000001110 0000000000000000 0000000000000000            1            1 0000000000000000       0 0000000100000000 
     292500                                  1 0000000000000000 000000100100001 0000000000001110 0000000000000000 0000000000000000            1            1 0000000000000000       0 0000000100000000 
     293500                                  1 0000000000000000 000000100100010 0000000000001110 0000000000000000 0000000000000000            1            1 0000000000000000       0 0000000100000000 
     294500                                  1 0000000000000000 000000100100011 0000000000001110 0000000000000000 0000000000000000            1            1 0000000000000000       0 0000000100000000 
     295500                                  1 0000000000000000 000000100100100 0000000000001110 0000000000000000 0000000000000000            1            1 0000000000000000       0 0000000100000000 
     296500                                  1 0000000000000000 000000100100101 0000000000001110 0000000000000000 0000000000000000            1            1 0000000000000000       0 0000000100000000 
     297500                                  1 0000000000000000 000000100100110 0000000000001110 0000000000000000 0000000000000000            1            1 0000000000000000       0 0000000100000000 
     298500                                  1 0000000000000000 000000100100111 0000000000001110 0000000000000000 0000000000000000            1            1 0000000000000000       0 0000000100000000 
     299500                                  1 0000000000000000 000000100101000 0000000000001110 0000000000000000 0000000000000000            1            1 0000000000000000       0 0000000100000000 
     300500                                  1 0000000000000000 000000100101001 0000000000001110 0000000000000000 0000000000000000            1            1 0000000000000000       0 0000000100000000 
     301500                                  1 0000000000000000 000000100101010 0000000000001110 0000000000000000 0000000000000000            1            1 0000000000000000       0 0000000100000000 
     302500                                  1 0000000000000000 000000100101011 0000000000001110 0000000000000000 0000000000000000            1            1 0000000000000000       0 0000000100000000 
     303500                                  1 0000000000000000 000000100101100 0000000000001110 0000000000000000 0000000000000000            1            1 0000000000000000       0 0000000100000000 
     304500                                  1 0000000000000000 000000100101101 0000000000001110 0000000000000000 0000000000000000            1            1 0000000000000000       0 0000000100000000 
     305500                                  1 0000000000000000 000000100101110 0000000000001110 0000000000000000 0000000000000000            1            1 0000000000000000       0 0000000100000000 
     306500                                  1 0000000000000000 000000100101111 0000000000001110 0000000000000000 0000000000000000            1            1 0000000000000000       0 0000000100000000 
     307500                                  1 0000000000000000 000000100110000 0000000000001110 0000000000000000 0000000000000000            1            1 0000000000000000       0 0000000100000000 
     308500                                  1 0000000000000000 000000100110001 0000000000001110 0000000000000000 0000000000000000            1            1 0000000000000000       0 0000000100000000 
     309500                                  1 0000000000000000 000000100110010 0000000000001110 0000000000000000 0000000000000000            1            1 0000000000000000       0 0000000100000000 
     310500                                  1 0000000000000000 000000100110011 0000000000001110 0000000000000000 0000000000000000            1            1 0000000000000000       0 0000000100000000 
     311500                                  1 0000000000000000 000000100110100 0000000000001110 0000000000000000 0000000000000000            1            1 0000000000000000       0 0000000100000000 
     312500                                  1 0000000000000000 000000100110101 0000000000001110 0000000000000000 0000000000000000            1            1 0000000000000000       0 0000000100000000 
     313500                                  1 0000000000000000 000000100110110 0000000000001110 0000000000000000 0000000000000000            1            1 0000000000000000       0 0000000100000000 
     314500                                  1 0000000000000000 000000100110111 0000000000001110 0000000000000000 0000000000000000            1            1 0000000000000000       0 0000000100000000 
     315500                                  1 0000000000000000 000000100111000 0000000000001110 0000000000000000 0000000000000000            1            1 0000000000000000       0 0000000100000000 
     316500                                  1 0000000000000000 000000100111001 0000000000001110 0000000000000000 0000000000000000            1            1 0000000000000000       0 0000000100000000 
     317500                                  1 0000000000000000 000000100111010 0000000000001110 0000000000000000 0000000000000000            1            1 0000000000000000       0 0000000100000000 
     318500                                  1 0000000000000000 000000100111011 0000000000001110 0000000000000000 0000000000000000            1            1 0000000000000000       0 0000000100000000 
     319500                                  1 0000000000000000 000000100111100 0000000000001110 0000000000000000 0000000000000000            1            1 0000000000000000       0 0000000100000000 
     320500                                  1 0000000000000000 000000100111101 0000000000001110 0000000000000000 0000000000000000            1            1 0000000000000000       0 0000000100000000 
     321500                                  1 0000000000000000 000000100111110 0000000000001110 0000000000000000 0000000000000000            1            1 0000000000000000       0 0000000100000000 
     322500                                  1 0000000000000000 000000100111111 0000000000001110 0000000000000000 0000000000000000            1            1 0000000000000000       0 0000000100000000 
     323500                                  1 0000000000000000 000000101000000 0000000000001110 0000000000000000 0000000000000000            1            1 0000000000000000       0 0000000100000000 
     324500                                  1 0000000000000000 000000101000001 0000000000001110 0000000000000000 0000000000000000            1            1 0000000000000000       0 0000000100000000 
     325500                                  1 0000000000000000 000000101000010 0000000000001110 0000000000000000 0000000000000000            1            1 0000000000000000       0 0000000100000000 
     326500                                  1 0000000000000000 000000101000011 0000000000001110 0000000000000000 0000000000000000            1            1 0000000000000000       0 0000000100000000 
     327500                                  1 0000000000000000 000000101000100 0000000000001110 0000000000000000 0000000000000000            1            1 0000000000000000       0 0000000100000000 
     328500                                  1 0000000000000000 000000101000101 0000000000001110 0000000000000000 0000000000000000            1            1 0000000000000000       0 0000000100000000 
     329500                                  1 0000000000000000 000000101000110 0000000000001110 0000000000000000 0000000000000000            1            1 0000000000000000       0 0000000100000000 
     330500                                  1 0000000000000000 000000101000111 0000000000001110 0000000000000000 0000000000000000            1            1 0000000000000000       0 0000000100000000 
     331500                                  1 0000000000000000 000000101001000 0000000000001110 0000000000000000 0000000000000000            1            1 0000000000000000       0 0000000100000000 
     332500                                  1 0000000000000000 000000101001001 0000000000001110 0000000000000000 0000000000000000            1            1 0000000000000000       0 0000000100000000 
     333500                                  1 0000000000000000 000000101001010 0000000000001110 0000000000000000 0000000000000000            1            1 0000000000000000       0 0000000100000000 
     334500                                  1 0000000000000000 000000101001011 0000000000001110 0000000000000000 0000000000000000            1            1 0000000000000000       0 0000000100000000 
     335500                                  1 0000000000000000 000000101001100 0000000000001110 0000000000000000 0000000000000000            1            1 0000000000000000       0 0000000100000000 
     336500                                  1 0000000000000000 000000101001101 0000000000001110 0000000000000000 0000000000000000            1            1 0000000000000000       0 0000000100000000 
     337500                                  1 0000000000000000 000000101001110 0000000000001110 0000000000000000 0000000000000000            1            1 0000000000000000       0 0000000100000000 
     338500                                  1 0000000000000000 000000101001111 0000000000001110 0000000000000000 0000000000000000            1            1 0000000000000000       0 0000000100000000 
     339500                                  1 0000000000000000 000000101010000 0000000000001110 0000000000000000 0000000000000000            1            1 0000000000000000       0 0000000100000000 
     340500                                  1 0000000000000000 000000101010001 0000000000001110 0000000000000000 0000000000000000            1            1 0000000000000000       0 0000000100000000 
     341500                                  1 0000000000000000 000000101010010 0000000000001110 0000000000000000 0000000000000000            1            1 0000000000000000       0 0000000100000000 
     342500                                  1 0000000000000000 000000101010011 0000000000001110 0000000000000000 0000000000000000            1            1 0000000000000000       0 0000000100000000 
     343500                                  1 0000000000000000 000000101010100 0000000000001110 0000000000000000 0000000000000000            1            1 0000000000000000       0 0000000100000000 
     344500                                  1 0000000000000000 000000101010101 0000000000001110 0000000000000000 0000000000000000            1            1 0000000000000000       0 0000000100000000 
     345500                                  1 0000000000000000 000000101010110 0000000000001110 0000000000000000 0000000000000000            1            1 0000000000000000       0 0000000100000000 
     346500                                  1 0000000000000000 000000101010111 0000000000001110 0000000000000000 0000000000000000            1            1 0000000000000000       0 0000000100000000 
     347500                                  1 0000000000000000 000000101011000 0000000000001110 0000000000000000 0000000000000000            1            1 0000000000000000       0 0000000100000000 
     348500                                  1 0000000000000000 000000101011001 0000000000001110 0000000000000000 0000000000000000            1            1 0000000000000000       0 0000000100000000 
     349500                                  1 0000000000000000 000000101011010 0000000000001110 0000000000000000 0000000000000000            1            1 0000000000000000       0 0000000100000000 
     350500                                  1 0000000000000000 000000101011011 0000000000001110 0000000000000000 0000000000000000            1            1 0000000000000000       0 0000000100000000 
     351500                                  1 0000000000000000 000000101011100 0000000000001110 0000000000000000 0000000000000000            1            1 0000000000000000       0 0000000100000000 
     352500                                  1 0000000000000000 000000101011101 0000000000001110 0000000000000000 0000000000000000            1            1 0000000000000000       0 0000000100000000 
     353500                                  1 0000000000000000 000000101011110 0000000000001110 0000000000000000 0000000000000000            1            1 0000000000000000       0 0000000100000000 
     354500                                  1 0000000000000000 000000101011111 0000000000001110 0000000000000000 0000000000000000            1            1 0000000000000000       0 0000000100000000 
     355500                                  1 0000000000000000 000000101100000 0000000000001110 0000000000000000 0000000000000000            1            1 0000000000000000       0 0000000100000000 
     356500                                  1 0000000000000000 000000101100001 0000000000001110 0000000000000000 0000000000000000            1            1 0000000000000000       0 0000000100000000 
     357500                                  1 0000000000000000 000000101100010 0000000000001110 0000000000000000 0000000000000000            1            1 0000000000000000       0 0000000100000000 
     358500                                  1 0000000000000000 000000101100011 0000000000001110 0000000000000000 0000000000000000            1            1 0000000000000000       0 0000000100000000 
     359500                                  1 0000000000000000 000000101100100 0000000000001110 0000000000000000 0000000000000000            1            1 0000000000000000       0 0000000100000000 
     360500                                  1 0000000000000000 000000101100101 0000000000001110 0000000000000000 0000000000000000            1            1 0000000000000000       0 0000000100000000 
     361500                                  1 0000000000000000 000000101100110 0000000000001110 0000000000000000 0000000000000000            1            1 0000000000000000       0 0000000100000000 
     362500                                  1 0000000000000000 000000101100111 0000000000001110 0000000000000000 0000000000000000            1            1 0000000000000000       0 0000000100000000 
     363500                                  1 0000000000000000 000000101101000 0000000000001110 0000000000000000 0000000000000000            1            1 0000000000000000       0 0000000100000000 
     364500                                  1 0000000000000000 000000101101001 0000000000001110 0000000000000000 0000000000000000            1            1 0000000000000000       0 0000000100000000 
     365500                                  1 0000000000000000 000000101101010 0000000000001110 0000000000000000 0000000000000000            1            1 0000000000000000       0 0000000100000000 
     366500                                  1 0000000000000000 000000101101011 0000000000001110 0000000000000000 0000000000000000            1            1 0000000000000000       0 0000000100000000 
     367500                                  1 0000000000000000 000000101101100 0000000000001110 0000000000000000 0000000000000000            1            1 0000000000000000       0 0000000100000000 
     368500                                  1 0000000000000000 000000101101101 0000000000001110 0000000000000000 0000000000000000            1            1 0000000000000000       0 0000000100000000 
     369500                                  1 0000000000000000 000000101101110 0000000000001110 0000000000000000 0000000000000000            1            1 0000000000000000       0 0000000100000000 
     370500                                  1 0000000000000000 000000101101111 0000000000001110 0000000000000000 0000000000000000            1            1 0000000000000000       0 0000000100000000 
     371500                                  1 0000000000000000 000000101110000 0000000000001110 0000000000000000 0000000000000000            1            1 0000000000000000       0 0000000100000000 
     372500                                  1 0000000000000000 000000101110001 0000000000001110 0000000000000000 0000000000000000            1            1 0000000000000000       0 0000000100000000 
     373500                                  1 0000000000000000 000000101110010 0000000000001110 0000000000000000 0000000000000000            1            1 0000000000000000       0 0000000100000000 
     374500                                  1 0000000000000000 000000101110011 0000000000001110 0000000000000000 0000000000000000            1            1 0000000000000000       0 0000000100000000 
     375500                                  1 0000000000000000 000000101110100 0000000000001110 0000000000000000 0000000000000000            1            1 0000000000000000       0 0000000100000000 
     376500                                  1 0000000000000000 000000101110101 0000000000001110 0000000000000000 0000000000000000            1            1 0000000000000000       0 0000000100000000 
     377500                                  1 0000000000000000 000000101110110 0000000000001110 0000000000000000 0000000000000000            1            1 0000000000000000       0 0000000100000000 
     378500                                  1 0000000000000000 000000101110111 0000000000001110 0000000000000000 0000000000000000            1            1 0000000000000000       0 0000000100000000 
     379500                                  1 0000000000000000 000000101111000 0000000000001110 0000000000000000 0000000000000000            1            1 0000000000000000       0 0000000100000000 
     380500                                  1 0000000000000000 000000101111001 0000000000001110 0000000000000000 0000000000000000            1            1 0000000000000000       0 0000000100000000 
     381500                                  1 0000000000000000 000000101111010 0000000000001110 0000000000000000 0000000000000000            1            1 0000000000000000       0 0000000100000000 
     382500                                  1 0000000000000000 000000101111011 0000000000001110 0000000000000000 0000000000000000            1            1 0000000000000000       0 0000000100000000 
     383500                                  1 0000000000000000 000000101111100 0000000000001110 0000000000000000 0000000000000000            1            1 0000000000000000       0 0000000100000000 
     384500                                  1 0000000000000000 000000101111101 0000000000001110 0000000000000000 0000000000000000            1            1 0000000000000000       0 0000000100000000 
     385500                                  1 0000000000000000 000000101111110 0000000000001110 0000000000000000 0000000000000000            1            1 0000000000000000       0 0000000100000000 
     386500                                  1 0000000000000000 000000101111111 0000000000001110 0000000000000000 0000000000000000            1            1 0000000000000000       0 0000000100000000 
     387500                                  1 0000000000000000 000000110000000 0000000000001110 0000000000000000 0000000000000000            1            1 0000000000000000       0 0000000100000000 
     388500                                  1 0000000000000000 000000110000001 0000000000001110 0000000000000000 0000000000000000            1            1 0000000000000000       0 0000000100000000 
     389500                                  1 0000000000000000 000000110000010 0000000000001110 0000000000000000 0000000000000000            1            1 0000000000000000       0 0000000100000000 
     390500                                  1 0000000000000000 000000110000011 0000000000001110 0000000000000000 0000000000000000            1            1 0000000000000000       0 0000000100000000 
     391500                                  1 0000000000000000 000000110000100 0000000000001110 0000000000000000 0000000000000000            1            1 0000000000000000       0 0000000100000000 
     392500                                  1 0000000000000000 000000110000101 0000000000001110 0000000000000000 0000000000000000            1            1 0000000000000000       0 0000000100000000 
     393500                                  1 0000000000000000 000000110000110 0000000000001110 0000000000000000 0000000000000000            1            1 0000000000000000       0 0000000100000000 
     394500                                  1 0000000000000000 000000110000111 0000000000001110 0000000000000000 0000000000000000            1            1 0000000000000000       0 0000000100000000 
     395500                                  1 0000000000000000 000000110001000 0000000000001110 0000000000000000 0000000000000000            1            1 0000000000000000       0 0000000100000000 
     396500                                  1 0000000000000000 000000110001001 0000000000001110 0000000000000000 0000000000000000            1            1 0000000000000000       0 0000000100000000 
     397500                                  1 0000000000000000 000000110001010 0000000000001110 0000000000000000 0000000000000000            1            1 0000000000000000       0 0000000100000000 
     398500                                  1 0000000000000000 000000110001011 0000000000001110 0000000000000000 0000000000000000            1            1 0000000000000000       0 0000000100000000 
     399500                                  1 0000000000000000 000000110001100 0000000000001110 0000000000000000 0000000000000000            1            1 0000000000000000       0 0000000100000000 
     400500                                  1 0000000000000000 000000110001101 0000000000001110 0000000000000000 0000000000000000            1            1 0000000000000000       0 0000000100000000 
     401500                                  1 0000000000000000 000000110001110 0000000000001110 0000000000000000 0000000000000000            1            1 0000000000000000       0 0000000100000000 
     402500                                  1 0000000000000000 000000110001111 0000000000001110 0000000000000000 0000000000000000            1            1 0000000000000000       0 0000000100000000 
     403500                                  1 0000000000000000 000000110010000 0000000000001110 0000000000000000 0000000000000000            1            1 0000000000000000       0 0000000100000000 
     404500                                  1 0000000000000000 000000110010001 0000000000001110 0000000000000000 0000000000000000            1            1 0000000000000000       0 0000000100000000 
     405500                                  1 0000000000000000 000000110010010 0000000000001110 0000000000000000 0000000000000000            1            1 0000000000000000       0 0000000100000000 
     406500                                  1 0000000000000000 000000110010011 0000000000001110 0000000000000000 0000000000000000            1            1 0000000000000000       0 0000000100000000 
     407500                                  1 0000000000000000 000000110010100 0000000000001110 0000000000000000 0000000000000000            1            1 0000000000000000       0 0000000100000000 
     408500                                  1 0000000000000000 000000110010101 0000000000001110 0000000000000000 0000000000000000            1            1 0000000000000000       0 0000000100000000 
     409500                                  1 0000000000000000 000000110010110 0000000000001110 0000000000000000 0000000000000000            1            1 0000000000000000       0 0000000100000000 
     410500                                  1 0000000000000000 000000110010111 0000000000001110 0000000000000000 0000000000000000            1            1 0000000000000000       0 0000000100000000 
     411500                                  1 0000000000000000 000000110011000 0000000000001110 0000000000000000 0000000000000000            1            1 0000000000000000       0 0000000100000000 
     412500                                  1 0000000000000000 000000110011001 0000000000001110 0000000000000000 0000000000000000            1            1 0000000000000000       0 0000000100000000 
     413500                                  1 0000000000000000 000000110011010 0000000000001110 0000000000000000 0000000000000000            1            1 0000000000000000       0 0000000100000000 
     414500                                  1 0000000000000000 000000110011011 0000000000001110 0000000000000000 0000000000000000            1            1 0000000000000000       0 0000000100000000 
     415500                                  1 0000000000000000 000000110011100 0000000000001110 0000000000000000 0000000000000000            1            1 0000000000000000       0 0000000100000000 
     416500                                  1 0000000000000000 000000110011101 0000000000001110 0000000000000000 0000000000000000            1            1 0000000000000000       0 0000000100000000 
     417500                                  1 0000000000000000 000000110011110 0000000000001110 0000000000000000 0000000000000000            1            1 0000000000000000       0 0000000100000000 
     418500                                  1 0000000000000000 000000110011111 0000000000001110 0000000000000000 0000000000000000            1            1 0000000000000000       0 0000000100000000 
     419500                                  1 0000000000000000 000000110100000 0000000000001110 0000000000000000 0000000000000000            1            1 0000000000000000       0 0000000100000000 
     420500                                  1 0000000000000000 000000110100001 0000000000001110 0000000000000000 0000000000000000            1            1 0000000000000000       0 0000000100000000 
     421500                                  1 0000000000000000 000000110100010 0000000000001110 0000000000000000 0000000000000000            1            1 0000000000000000       0 0000000100000000 
     422500                                  1 0000000000000000 000000110100011 0000000000001110 0000000000000000 0000000000000000            1            1 0000000000000000       0 0000000100000000 
     423500                                  1 0000000000000000 000000110100100 0000000000001110 0000000000000000 0000000000000000            1            1 0000000000000000       0 0000000100000000 
     424500                                  1 0000000000000000 000000110100101 0000000000001110 0000000000000000 0000000000000000            1            1 0000000000000000       0 0000000100000000 
     425500                                  1 0000000000000000 000000110100110 0000000000001110 0000000000000000 0000000000000000            1            1 0000000000000000       0 0000000100000000 
     426500                                  1 0000000000000000 000000110100111 0000000000001110 0000000000000000 0000000000000000            1            1 0000000000000000       0 0000000100000000 
     427500                                  1 0000000000000000 000000110101000 0000000000001110 0000000000000000 0000000000000000            1            1 0000000000000000       0 0000000100000000 
     428500                                  1 0000000000000000 000000110101001 0000000000001110 0000000000000000 0000000000000000            1            1 0000000000000000       0 0000000100000000 
     429500                                  1 0000000000000000 000000110101010 0000000000001110 0000000000000000 0000000000000000            1            1 0000000000000000       0 0000000100000000 
     430500                                  1 0000000000000000 000000110101011 0000000000001110 0000000000000000 0000000000000000            1            1 0000000000000000       0 0000000100000000 
     431500                                  1 0000000000000000 000000110101100 0000000000001110 0000000000000000 0000000000000000            1            1 0000000000000000       0 0000000100000000 
     432500                                  1 0000000000000000 000000110101101 0000000000001110 0000000000000000 0000000000000000            1            1 0000000000000000       0 0000000100000000 
     433500                                  1 0000000000000000 000000110101110 0000000000001110 0000000000000000 0000000000000000            1            1 0000000000000000       0 0000000100000000 
     434500                                  1 0000000000000000 000000110101111 0000000000001110 0000000000000000 0000000000000000            1            1 0000000000000000       0 0000000100000000 
     435500                                  1 0000000000000000 000000110110000 0000000000001110 0000000000000000 0000000000000000            1            1 0000000000000000       0 0000000100000000 
     436500                                  1 0000000000000000 000000110110001 0000000000001110 0000000000000000 0000000000000000            1            1 0000000000000000       0 0000000100000000 
     437500                                  1 0000000000000000 000000110110010 0000000000001110 0000000000000000 0000000000000000            1            1 0000000000000000       0 0000000100000000 
     438500                                  1 0000000000000000 000000110110011 0000000000001110 0000000000000000 0000000000000000            1            1 0000000000000000       0 0000000100000000 
     439500                                  1 0000000000000000 000000110110100 0000000000001110 0000000000000000 0000000000000000            1            1 0000000000000000       0 0000000100000000 
     440500                                  1 0000000000000000 000000110110101 0000000000001110 0000000000000000 0000000000000000            1            1 0000000000000000       0 0000000100000000 
     441500                                  1 0000000000000000 000000110110110 0000000000001110 0000000000000000 0000000000000000            1            1 0000000000000000       0 0000000100000000 
     442500                                  1 0000000000000000 000000110110111 0000000000001110 0000000000000000 0000000000000000            1            1 0000000000000000       0 0000000100000000 
     443500                                  1 0000000000000000 000000110111000 0000000000001110 0000000000000000 0000000000000000            1            1 0000000000000000       0 0000000100000000 
     444500                                  1 0000000000000000 000000110111001 0000000000001110 0000000000000000 0000000000000000            1            1 0000000000000000       0 0000000100000000 
     445500                                  1 0000000000000000 000000110111010 0000000000001110 0000000000000000 0000000000000000            1            1 0000000000000000       0 0000000100000000 
     446500                                  1 0000000000000000 000000110111011 0000000000001110 0000000000000000 0000000000000000            1            1 0000000000000000       0 0000000100000000 
     447500                                  1 0000000000000000 000000110111100 0000000000001110 0000000000000000 0000000000000000            1            1 0000000000000000       0 0000000100000000 
     448500                                  1 0000000000000000 000000110111101 0000000000001110 0000000000000000 0000000000000000            1            1 0000000000000000       0 0000000100000000 
     449500                                  1 0000000000000000 000000110111110 0000000000001110 0000000000000000 0000000000000000            1            1 0000000000000000       0 0000000100000000 
     450500                                  1 0000000000000000 000000110111111 0000000000001110 0000000000000000 0000000000000000            1            1 0000000000000000       0 0000000100000000 
     451500                                  1 0000000000000000 000000111000000 0000000000001110 0000000000000000 0000000000000000            1            1 0000000000000000       0 0000000100000000 
     452500                                  1 0000000000000000 000000111000001 0000000000001110 0000000000000000 0000000000000000            1            1 0000000000000000       0 0000000100000000 
     453500                                  1 0000000000000000 000000111000010 0000000000001110 0000000000000000 0000000000000000            1            1 0000000000000000       0 0000000100000000 
     454500                                  1 0000000000000000 000000111000011 0000000000001110 0000000000000000 0000000000000000            1            1 0000000000000000       0 0000000100000000 
     455500                                  1 0000000000000000 000000111000100 0000000000001110 0000000000000000 0000000000000000            1            1 0000000000000000       0 0000000100000000 
     456500                                  1 0000000000000000 000000111000101 0000000000001110 0000000000000000 0000000000000000            1            1 0000000000000000       0 0000000100000000 
     457500                                  1 0000000000000000 000000111000110 0000000000001110 0000000000000000 0000000000000000            1            1 0000000000000000       0 0000000100000000 
     458500                                  1 0000000000000000 000000111000111 0000000000001110 0000000000000000 0000000000000000            1            1 0000000000000000       0 0000000100000000 
     459500                                  1 0000000000000000 000000111001000 0000000000001110 0000000000000000 0000000000000000            1            1 0000000000000000       0 0000000100000000 
     460500                                  1 0000000000000000 000000111001001 0000000000001110 0000000000000000 0000000000000000            1            1 0000000000000000       0 0000000100000000 
     461500                                  1 0000000000000000 000000111001010 0000000000001110 0000000000000000 0000000000000000            1            1 0000000000000000       0 0000000100000000 
     462500                                  1 0000000000000000 000000111001011 0000000000001110 0000000000000000 0000000000000000            1            1 0000000000000000       0 0000000100000000 
     463500                                  1 0000000000000000 000000111001100 0000000000001110 0000000000000000 0000000000000000            1            1 0000000000000000       0 0000000100000000 
     464500                                  1 0000000000000000 000000111001101 0000000000001110 0000000000000000 0000000000000000            1            1 0000000000000000       0 0000000100000000 
     465500                                  1 0000000000000000 000000111001110 0000000000001110 0000000000000000 0000000000000000            1            1 0000000000000000       0 0000000100000000 
     466500                                  1 0000000000000000 000000111001111 0000000000001110 0000000000000000 0000000000000000            1            1 0000000000000000       0 0000000100000000 
     467500                                  1 0000000000000000 000000111010000 0000000000001110 0000000000000000 0000000000000000            1            1 0000000000000000       0 0000000100000000 
     468500                                  1 0000000000000000 000000111010001 0000000000001110 0000000000000000 0000000000000000            1            1 0000000000000000       0 0000000100000000 
     469500                                  1 0000000000000000 000000111010010 0000000000001110 0000000000000000 0000000000000000            1            1 0000000000000000       0 0000000100000000 
     470500                                  1 0000000000000000 000000111010011 0000000000001110 0000000000000000 0000000000000000            1            1 0000000000000000       0 0000000100000000 
     471500                                  1 0000000000000000 000000111010100 0000000000001110 0000000000000000 0000000000000000            1            1 0000000000000000       0 0000000100000000 
     472500                                  1 0000000000000000 000000111010101 0000000000001110 0000000000000000 0000000000000000            1            1 0000000000000000       0 0000000100000000 
     473500                                  1 0000000000000000 000000111010110 0000000000001110 0000000000000000 0000000000000000            1            1 0000000000000000       0 0000000100000000 
     474500                                  1 0000000000000000 000000111010111 0000000000001110 0000000000000000 0000000000000000            1            1 0000000000000000       0 0000000100000000 
     475500                                  1 0000000000000000 000000111011000 0000000000001110 0000000000000000 0000000000000000            1            1 0000000000000000       0 0000000100000000 
     476500                                  1 0000000000000000 000000111011001 0000000000001110 0000000000000000 0000000000000000            1            1 0000000000000000       0 0000000100000000 
     477500                                  1 0000000000000000 000000111011010 0000000000001110 0000000000000000 0000000000000000            1            1 0000000000000000       0 0000000100000000 
     478500                                  1 0000000000000000 000000111011011 0000000000001110 0000000000000000 0000000000000000            1            1 0000000000000000       0 0000000100000000 
     479500                                  1 0000000000000000 000000111011100 0000000000001110 0000000000000000 0000000000000000            1            1 0000000000000000       0 0000000100000000 
     480500                                  1 0000000000000000 000000111011101 0000000000001110 0000000000000000 0000000000000000            1            1 0000000000000000       0 0000000100000000 
     481500                                  1 0000000000000000 000000111011110 0000000000001110 0000000000000000 0000000000000000            1            1 0000000000000000       0 0000000100000000 
     482500                                  1 0000000000000000 000000111011111 0000000000001110 0000000000000000 0000000000000000            1            1 0000000000000000       0 0000000100000000 
     483500                                  1 0000000000000000 000000111100000 0000000000001110 0000000000000000 0000000000000000            1            1 0000000000000000       0 0000000100000000 
     484500                                  1 0000000000000000 000000111100001 0000000000001110 0000000000000000 0000000000000000            1            1 0000000000000000       0 0000000100000000 
     485500                                  1 0000000000000000 000000111100010 0000000000001110 0000000000000000 0000000000000000            1            1 0000000000000000       0 0000000100000000 
     486500                                  1 0000000000000000 000000111100011 0000000000001110 0000000000000000 0000000000000000            1            1 0000000000000000       0 0000000100000000 
     487500                                  1 0000000000000000 000000111100100 0000000000001110 0000000000000000 0000000000000000            1            1 0000000000000000       0 0000000100000000 
     488500                                  1 0000000000000000 000000111100101 0000000000001110 0000000000000000 0000000000000000            1            1 0000000000000000       0 0000000100000000 
     489500                                  1 0000000000000000 000000111100110 0000000000001110 0000000000000000 0000000000000000            1            1 0000000000000000       0 0000000100000000 
     490500                                  1 0000000000000000 000000111100111 0000000000001110 0000000000000000 0000000000000000            1            1 0000000000000000       0 0000000100000000 
     491500                                  1 0000000000000000 000000111101000 0000000000001110 0000000000000000 0000000000000000            1            1 0000000000000000       0 0000000100000000 
     492500                                  1 0000000000000000 000000111101001 0000000000001110 0000000000000000 0000000000000000            1            1 0000000000000000       0 0000000100000000 
     493500                                  1 0000000000000000 000000111101010 0000000000001110 0000000000000000 0000000000000000            1            1 0000000000000000       0 0000000100000000 
     494500                                  1 0000000000000000 000000111101011 0000000000001110 0000000000000000 0000000000000000            1            1 0000000000000000       0 0000000100000000 
     495500                                  1 0000000000000000 000000111101100 0000000000001110 0000000000000000 0000000000000000            1            1 0000000000000000       0 0000000100000000 
     496500                                  1 0000000000000000 000000111101101 0000000000001110 0000000000000000 0000000000000000            1            1 0000000000000000       0 0000000100000000 
     497500                                  1 0000000000000000 000000111101110 0000000000001110 0000000000000000 0000000000000000            1            1 0000000000000000       0 0000000100000000 
     498500                                  1 0000000000000000 000000111101111 0000000000001110 0000000000000000 0000000000000000            1            1 0000000000000000       0 0000000100000000 
     499500                                  1 0000000000000000 000000111110000 0000000000001110 0000000000000000 0000000000000000            1            1 0000000000000000       0 0000000100000000 
